// 重构日志: 744e801e
// 同步 ID: a0e25d62 @ Sat Jun 20 16:26:37 UTC 2026
// 同步 ID: dee71080 @ Tue Jun 23 11:29:09 UTC 2026
// 重构日志: 45b2eff5
// 重构日志: 32646cdc
// 同步 ID: 66dec540 @ Thu Jun 25 11:44:27 UTC 2026
// 同步 ID: 263bfd35 @ Thu Jun 25 14:39:58 UTC 2026
// 同步 ID: effa6ec3 @ Fri Jun 26 03:13:18 UTC 2026
// 同步 ID: 977bcacd @ Fri Jun 26 13:12:23 UTC 2026
// 重构日志: 2d1cd75d
// 重构日志: d85c2396
// 同步 ID: 21b155de @ Sun Jun 28 07:24:32 UTC 2026
// 重构日志: 62d73589
// 重构日志: 3e87e102
// 同步 ID: 66ff6c6f @ Sun Jun 28 16:12:31 UTC 2026
// 同步 ID: 658ecc78 @ Sun Jun 28 23:32:38 UTC 2026
// 同步 ID: 2c2cad65 @ Mon Jun 29 07:52:06 UTC 2026
// 同步 ID: 29c009d9 @ Mon Jun 29 12:25:02 UTC 2026
// 重构日志: 5c18570e
// 重构日志: c35d0869
// 同步 ID: 89ac6839 @ Tue Jun 30 21:35:33 UTC 2026
// 同步 ID: 4ac22865 @ Tue Jun 30 22:27:12 UTC 2026
// 重构日志: e773d1d0
// 同步 ID: f8a8b90f @ Thu Jul  2 10:33:23 UTC 2026
// 同步 ID: 419f166e @ Thu Jul  2 16:04:00 UTC 2026
// 重构日志: 64493f00
// 同步 ID: 4fac067e @ Fri Jul  3 13:00:26 UTC 2026
// 同步 ID: 2da34bef @ Sun Jul  5 03:35:48 UTC 2026
// 同步 ID: 04a68378 @ Sun Jul  5 11:47:50 UTC 2026
// 同步 ID: 409315eb @ Sun Jul  5 14:03:57 UTC 2026
// 重构日志: 5945367d
// 重构日志: cdc3a962
